[www.hellomagazine.com/shopping/505457/best-quilted-jackets/index.html]
[backblue.gif]
[fade.gif]
[index.html]
[securepubads.g.doubleclick.net/tag/js/f.txt]
[www.hellomagazine.com/apple-touch-icon-57x57.png]
[www.hellomagazine.com/apple-touch-icon-60x60.png]
[www.hellomagazine.com/apple-touch-icon-72x72.png]
[www.hellomagazine.com/apple-touch-icon-76x76.png]
[www.hellomagazine.com/apple-touch-icon-114x114.png]
[www.hellomagazine.com/apple-touch-icon-120x120.png]
[www.hellomagazine.com/apple-touch-icon-144x144.png]
[www.hellomagazine.com/apple-touch-icon-152x152.png]
[www.hellomagazine.com/apple-touch-icon-180x180.png]
[www.hellomagazine.com/favicon-192x192.png]
[www.hellomagazine.com/favicon-32x32.png]
[www.hellomagazine.com/favicon-16x16.png]
[www.hellomagazine.com/_next/static/css/6a06ead7a4ebddaa5e12.css]
[www.hellomagazine.com/_next/static/css/25c8741b9a4e16595e12.css]
[www.hellomagazine.com/_next/static/chunks/polyfills-42372ed130431b0a5e12.js]
[applets.ebxcdn.com/ebx.js]
[www.hellomagazine.com/_next/static/chunks/9688.da809956dcb33de55e12.js]
[www.hellomagazine.com/_next/static/chunks/3345.335516c2a005971b5e12.js]
[www.hellomagazine.com/_next/static/chunks/632.e34417e257ca7fdc5e12.js]
[www.hellomagazine.com/_next/static/chunks/6475.1612948aedc126af5e12.js]
[www.hellomagazine.com/_next/static/chunks/2091.119eec6dc9a095a65e12.js]
[www.hellomagazine.com/_next/static/chunks/3970.2038504c3e2b48d75e12.js]
[www.hellomagazine.com/_next/static/chunks/6654.a289b9568f77e4265e12.js]
[www.hellomagazine.com/_next/static/chunks/1966.19642f6ccdafadaa5e12.js]
[www.hellomagazine.com/_next/static/chunks/2437.752363fd17ba6fff5e12.js]
[www.hellomagazine.com/_next/static/chunks/7029.f11f988440d9b2f35e12.js]
[www.hellomagazine.com/_next/static/chunks/2009.188175092f24016e5e12.js]
[www.hellomagazine.com/_next/static/chunks/webpack-f86151f1daa2b0075e12.js]
[www.hellomagazine.com/_next/static/chunks/framework-87f4787c369d4fa95e12.js]
[www.hellomagazine.com/_next/static/chunks/main-b63e74bcbd186deb5e12.js]
[www.hellomagazine.com/_next/static/chunks/pages/_app-f776320ceb409cc25e12.js]
[www.hellomagazine.com/_next/static/chunks/1609-4252f898d0831c6c5e12.js]
[www.hellomagazine.com/_next/static/chunks/4424-c8a64266b57472a25e12.js]
[www.hellomagazine.com/_next/static/chunks/3323-add356da17bf0e5c5e12.js]
[www.hellomagazine.com/_next/static/chunks/pages/article/[...path]-1869d2a3a63aa5245e12.js]
[www.hellomagazine.com/_next/static/JhjPrZrHyXMqrfgfvAqbO/_buildManifest5e12.js]
[www.hellomagazine.com/_next/static/JhjPrZrHyXMqrfgfvAqbO/_ssgManifest5e12.js]
[58v76y8z87lo.hellomagazine.com/horizon/landscape/41b2432084a9-frankie-shop-jacket-dupes-t.jpg]
[58v76y8z87lo.hellomagazine.com/horizon/square/2e430cbdc375-hollie-brotherton.jpg]
[58v76y8z87lo.hellomagazine.com/horizon/original_aspect_ratio/a70742ecb08e-jessica-skye-quilted-jacket.jpg]
[58v76y8z87lo.hellomagazine.com/horizon/original_aspect_ratio/481e2c6fef96-jeanne-quilted-jacket.jpg]
[58v76y8z87lo.hellomagazine.com/horizon/original_aspect_ratio/5988cdf59287-gettyimages-1760049508.jpg]
[58v76y8z87lo.hellomagazine.com/horizon/original_aspect_ratio/3bc0ad0c45a6-frankie-shop-quilted-jacket.jpg]
[58v76y8z87lo.hellomagazine.com/horizon/original_aspect_ratio/330ed1ccd33c-feather-down-zig-zag-quilted-jacket.jpg]
[58v76y8z87lo.hellomagazine.com/horizon/original_aspect_ratio/14034f316ae3-hm-quilted-jacket.jpg]
[58v76y8z87lo.hellomagazine.com/horizon/original_aspect_ratio/dc4a07527a51-mango-quilted-jacket.jpg]
[58v76y8z87lo.hellomagazine.com/horizon/original_aspect_ratio/7580ebc934d5-weekday-quilted-jacket.jpg]
[58v76y8z87lo.hellomagazine.com/horizon/original_aspect_ratio/5414879454ca-nobodys-child-quilted-jacket.jpg]
[58v76y8z87lo.hellomagazine.com/horizon/original_aspect_ratio/5afd2d556ca2-uniqulo-quilted-jacket.jpg]
[58v76y8z87lo.hellomagazine.com/horizon/original_aspect_ratio/33bc0f4a3dff-boden-quilted-jacket.jpg]
[58v76y8z87lo.hellomagazine.com/horizon/original_aspect_ratio/ae4d73aa37c4-whistles-ida-quilted.jpg]
[58v76y8z87lo.hellomagazine.com/horizon/original_aspect_ratio/2e6a9d550623-stories-quilted-jacket.jpg]
[58v76y8z87lo.hellomagazine.com/horizon/original_aspect_ratio/cc503583c165-toteme-quilted-jacket.jpg]
[58v76y8z87lo.hellomagazine.com/horizon/original_aspect_ratio/014a02317996-free-people-quilted-jacket.jpg]
[58v76y8z87lo.hellomagazine.com/horizon/square/4b4862cfa72e-leanne-mango-barn-jacket.jpg]
[58v76y8z87lo.hellomagazine.com/horizon/square/44615301531f-trousers.jpg]
[58v76y8z87lo.hellomagazine.com/horizon/square/b7b7fedde640-blazer-edit-autumn-2022-t.jpg]
[58v76y8z87lo.hellomagazine.com/horizon/square/3eb266b7f99b-gettyimages-1703027446.jpg]
[58v76y8z87lo.hellomagazine.com/horizon/square/76f9610e2165-hada-labo-header.jpg]
[58v76y8z87lo.hellomagazine.com/horizon/square/47a3281654f8-leonie-hanne-boots.jpg]
[58v76y8z87lo.hellomagazine.com/horizon/square/d9b714640d5e-cath-kidston-header.jpg]
[58v76y8z87lo.hellomagazine.com/horizon/square/8183e2979f60-boden-autum.jpg]
[58v76y8z87lo.hellomagazine.com/horizon/square/64e61deafb1e-best-tweed-blazers-herringbone-like-kate-middleton.jpg]
[58v76y8z87lo.hellomagazine.com/horizon/square/73ed71436293-kate-middleton-wearing-a-trophy-jacket.jpg]
[58v76y8z87lo.hellomagazine.com/horizon/square/c0d17d9a9911-leanne-bayley-midsize-formula.jpg]
[www.hellomagazine.com/shopping/505457/best-quilted-jackets/index.html]
[www.hellomagazine.com/_next/static/css/6a06ead7a4ebddaa5e12.css]
[www.hellomagazine.com/_next/static/css/25c8741b9a4e16595e12.css]
[www.hellomagazine.com/_next/static/css/afe6d837ce3c2cbc5e12.css]
